<?xml version="1.0" encoding="utf-8"?>
<!DOCTYPE softwaredb SYSTEM "softwaredb1.dtd">
<softwaredb timestamp="1608157456">
<!-- Credits -->
<![CDATA[
The softwaredb.xml file contains information about rom mapper types

- Copyright 2003 Nicolas Beyaert (Initial Database)
- Copyright 2004-2013 BlueMSX Team
- Copyright 2005-2020 openMSX Team
- Generation MSXIDs by www.generation-msx.nl

- Thanks go out to:
- - Generation MSX/Sylvester for the incredible source of information
  - p_gimeno and diedel for their help adding and valdiating ROM additions
  - GDX for additional ROM info and validations and corrections


]]>
<software>
	<title>Game Name</title>
	<genmsxid>0001</genmsxid>
	<system>MSX1</system>
	<company>Manufacturer</company>
	<year>19xx</year>
	<country>World</country>
		<dump><rom><hash>7acd00c9053fbf7f7d698485759d170a483b123d</hash><start>0x8000</start><type>ASCII8</type><remark>Comment Here</remark></rom></dump>
		<dump><megarom><hash>da58f56d4b1660bc36d74bfb29776ef8ec61a831</hash><start>0x4000</start><type>ASCII16</type><remark>Comment Too</remark></megarom></dump>
		<dump><original value="true">Good</original><boot>LOAD(8)</boot><sccpluscart><type>KonamiSCC</type><hash>afb1aef44a67cf7c9232f8a1c8587c66dd820caa</hash><remark>Comment Three</remark></sccpluscart></dump>
</software>
</softwaredb>